<?xml version="1.0" encoding="UTF-8"?>
<!-- Generated by org.testng.reporters.JUnitReportReporter -->
<testsuite skipped="0" hostname="Betuls-Air.attlocal.net" name="com.Lsu.testcases.LoginPageTestCases" tests="1" failures="0" timestamp="20 Jun 2019 06:57:05 GMT" time="4.290" errors="0">
  <testcase name="login" time="4.290" classname="com.Lsu.testcases.LoginPageTestCases"/>
</testsuite> <!-- com.Lsu.testcases.LoginPageTestCases -->
