<?xml version="1.0" encoding="UTF-8"?>
<!-- Generated by org.testng.reporters.JUnitReportReporter -->
<testsuite skipped="0" hostname="Betuls-Air.attlocal.net" name="com.Lsu.utils.ExcelUtility" tests="1" failures="0" timestamp="20 Jun 2019 03:29:22 GMT" time="0.556" errors="0">
  <testcase name="readExcelData" time="0.556" classname="com.Lsu.utils.ExcelUtility"/>
</testsuite> <!-- com.Lsu.utils.ExcelUtility -->
